Build started 3/2/2019 3:13:05 AM.
     1>Project "C:\Users\thecarisma\Documents\SIMPLE_GITHUB\simple\modules\dynamic_modules\fulltick\fulltick\fulltick.vcxproj" on node 2 (Build target(s)).
     1>C:\Program Files (x86)\MSBuild\Microsoft.Cpp\v4.0\V110\Microsoft.CppBuild.targets(1137,5): warning MSB8012: TargetPath(C:\Users\thecarisma\Downloads\fltk-1.3.4-2-source\fltk-1.3.4-2\ide\VisualC2010\Debug\fulltick.dll) does not match the Linker's OutputFile property value (C:\Users\thecarisma\Documents\SIMPLE_GITHUB\simple\modules\dynamic_modules\fulltick\dist\libfulltick32.dll). This may cause your project to build incorrectly. To correct this, please make sure that $(OutDir), $(TargetName) and $(TargetExt) property values match the value specified in %(Link.OutputFile).
     1>C:\Program Files (x86)\MSBuild\Microsoft.Cpp\v4.0\V110\Microsoft.CppBuild.targets(1139,5): warning MSB8012: TargetName(fulltick) does not match the Linker's OutputFile property value (libfulltick32). This may cause your project to build incorrectly. To correct this, please make sure that $(OutDir), $(TargetName) and $(TargetExt) property values match the value specified in %(Link.OutputFile).
     1>Link:
         C:\Program Files (x86)\Microsoft Visual Studio 11.0\VC\bin\link.exe /ERRORREPORT:PROMPT /OUT:"C:\Users\thecarisma\Documents\SIMPLE_GITHUB\simple\modules\dynamic_modules\fulltick\fulltick\../dist/libfulltick32.dll" /INCREMENTAL /NOLOGO /LIBPATH:./ libsimple.lib kernel32.lib user32.lib gdi32.lib winspool.lib comdlg32.lib advapi32.lib shell32.lib ole32.lib oleaut32.lib uuid.lib odbc32.lib odbccp32.lib kernel32.lib user32.lib gdi32.lib winspool.lib comdlg32.lib advapi32.lib shell32.lib ole32.lib oleaut32.lib uuid.lib odbc32.lib odbccp32.lib /MANIFEST /MANIFESTUAC:"level='asInvoker' uiAccess='false'" /manifest:embed /DEBUG /PDB:"C:\Users\thecarisma\Downloads\fltk-1.3.4-2-source\fltk-1.3.4-2\ide\VisualC2010\Debug\fulltick.pdb" /SUBSYSTEM:WINDOWS /TLBID:1 /DYNAMICBASE /NXCOMPAT /IMPLIB:"C:\Users\thecarisma\Downloads\fltk-1.3.4-2-source\fltk-1.3.4-2\ide\VisualC2010\Debug\fulltick.lib" /MACHINE:X86 /DLL Debug\fulltick.obj
         "C:\Users\thecarisma\Downloads\fltk-1.3.4-2-source\fltk-1.3.4-2\lib\fltkd.lib"
         "C:\Users\thecarisma\Downloads\fltk-1.3.4-2-source\fltk-1.3.4-2\lib\fltkformsd.lib"
         "C:\Users\thecarisma\Downloads\fltk-1.3.4-2-source\fltk-1.3.4-2\lib\fltkimagesd.lib"
         "C:\Users\thecarisma\Downloads\fltk-1.3.4-2-source\fltk-1.3.4-2\lib\fltkjpegd.lib"
         "C:\Users\thecarisma\Downloads\fltk-1.3.4-2-source\fltk-1.3.4-2\lib\fltkpngd.lib"
         "C:\Users\thecarisma\Downloads\fltk-1.3.4-2-source\fltk-1.3.4-2\lib\fltkzlibd.lib"
         LINK : program database C:\Users\thecarisma\Downloads\fltk-1.3.4-2-source\fltk-1.3.4-2\ide\VisualC2010\Debug\fulltick.pdb missing; performing full link
     1>LINK : fatal error LNK1104: cannot open file 'C:\Users\thecarisma\Downloads\fltk-1.3.4-2-source\fltk-1.3.4-2\lib\fltkformsd.lib'
     1>Done Building Project "C:\Users\thecarisma\Documents\SIMPLE_GITHUB\simple\modules\dynamic_modules\fulltick\fulltick\fulltick.vcxproj" (Build target(s)) -- FAILED.

Build FAILED.

Time Elapsed 00:00:14.60
